/*C13*/SET SCHEMA PUBLIC
drop table domain_event_entry if exists
SET SCHEMA SYSTEM_LOBS
DELETE FROM LOB_IDS WHERE LOB_ID=9
INSERT INTO LOB_IDS VALUES(9,12,0,30)
DELETE FROM LOB_IDS WHERE LOB_ID=10
INSERT INTO LOB_IDS VALUES(10,409,0,30)
COMMIT
SET SCHEMA PUBLIC
drop table snapshot_event_entry if exists
create table domain_event_entry (global_index bigint generated by default as identity (start with 1), event_identifier varchar(255) not null, meta_data blob(255), payload blob(255) not null, payload_revision varchar(255), payload_type varchar(255) not null, time_stamp varchar(255) not null, aggregate_identifier varchar(255) not null, sequence_number bigint not null, type varchar(255) not null, primary key (global_index))
create table snapshot_event_entry (aggregate_identifier varchar(255) not null, sequence_number bigint not null, type varchar(255) not null, event_identifier varchar(255) not null, meta_data blob(255), payload blob(255) not null, payload_revision varchar(255), payload_type varchar(255) not null, time_stamp varchar(255) not null, primary key (aggregate_identifier, sequence_number, type))
alter table domain_event_entry add constraint UK8s1f994p4la2ipb13me2xqm1w unique (aggregate_identifier, sequence_number)
alter table domain_event_entry add constraint UK_fwe6lsa8bfo6hyas6ud3m8c7x unique (event_identifier)
alter table snapshot_event_entry add constraint UK_e1uucjseo68gopmnd0vgdl44h unique (event_identifier)
/*C1*/SET SCHEMA SYSTEM_LOBS
INSERT INTO LOB_IDS VALUES(11,12,0,30)
ALTER SEQUENCE SYSTEM_LOBS.LOB_ID RESTART WITH 12
COMMIT
DELETE FROM BLOCKS WHERE BLOCK_ADDR=10
INSERT INTO BLOCKS VALUES(10,1,0)
INSERT INTO BLOCKS VALUES(11,2147483636,0)
DELETE FROM BLOCKS WHERE BLOCK_ADDR=10
INSERT INTO LOBS VALUES(10,1,0,11)
COMMIT
INSERT INTO LOB_IDS VALUES(12,282,0,30)
ALTER SEQUENCE SYSTEM_LOBS.LOB_ID RESTART WITH 13
COMMIT
DELETE FROM BLOCKS WHERE BLOCK_ADDR=11
INSERT INTO BLOCKS VALUES(11,1,0)
INSERT INTO BLOCKS VALUES(12,2147483635,0)
DELETE FROM BLOCKS WHERE BLOCK_ADDR=11
INSERT INTO LOBS VALUES(11,1,0,12)
COMMIT
/*C13*/INSERT INTO DOMAIN_EVENT_ENTRY VALUES(1,'634ea3fc-3cf3-40ef-b02f-dc2133f75d45',11,12,NULL,'com.thoughtworks.domain.event.OrderCreatedEvent','2017-01-12T11:10:50.218Z','6ab2893f-81b6-4913-8cc5-d6bed728bb83',0,'Order')
SET SCHEMA SYSTEM_LOBS
DELETE FROM LOB_IDS WHERE LOB_ID=11
INSERT INTO LOB_IDS VALUES(11,12,1,30)
DELETE FROM LOB_IDS WHERE LOB_ID=12
INSERT INTO LOB_IDS VALUES(12,282,1,30)
COMMIT
SET SCHEMA PUBLIC
DISCONNECT
/*C12*/SET SCHEMA PUBLIC
DISCONNECT
/*C11*/SET SCHEMA PUBLIC
DISCONNECT
/*C10*/SET SCHEMA PUBLIC
DISCONNECT
/*C9*/SET SCHEMA PUBLIC
DISCONNECT
/*C8*/SET SCHEMA PUBLIC
DISCONNECT
/*C7*/SET SCHEMA PUBLIC
DISCONNECT
/*C6*/SET SCHEMA PUBLIC
DISCONNECT
/*C5*/SET SCHEMA PUBLIC
DISCONNECT
/*C4*/SET SCHEMA PUBLIC
DISCONNECT
