/*C12*/SET SCHEMA PUBLIC
drop table domain_event_entry if exists
drop table snapshot_event_entry if exists
create table domain_event_entry (global_index bigint generated by default as identity (start with 1), event_identifier varchar(255) not null, meta_data blob(255), payload blob(255) not null, payload_revision varchar(255), payload_type varchar(255) not null, time_stamp varchar(255) not null, aggregate_identifier varchar(255) not null, sequence_number bigint not null, type varchar(255) not null, primary key (global_index))
create table snapshot_event_entry (aggregate_identifier varchar(255) not null, sequence_number bigint not null, type varchar(255) not null, event_identifier varchar(255) not null, meta_data blob(255), payload blob(255) not null, payload_revision varchar(255), payload_type varchar(255) not null, time_stamp varchar(255) not null, primary key (aggregate_identifier, sequence_number, type))
alter table domain_event_entry add constraint UK8s1f994p4la2ipb13me2xqm1w unique (aggregate_identifier, sequence_number)
alter table domain_event_entry add constraint UK_fwe6lsa8bfo6hyas6ud3m8c7x unique (event_identifier)
alter table snapshot_event_entry add constraint UK_e1uucjseo68gopmnd0vgdl44h unique (event_identifier)
/*C1*/SET SCHEMA SYSTEM_LOBS
INSERT INTO LOB_IDS VALUES(121,12,0,30)
ALTER SEQUENCE SYSTEM_LOBS.LOB_ID RESTART WITH 122
COMMIT
DELETE FROM BLOCKS WHERE BLOCK_ADDR=120
INSERT INTO BLOCKS VALUES(120,1,0)
INSERT INTO BLOCKS VALUES(121,2147483526,0)
DELETE FROM BLOCKS WHERE BLOCK_ADDR=120
INSERT INTO LOBS VALUES(120,1,0,121)
COMMIT
INSERT INTO LOB_IDS VALUES(122,150,0,30)
ALTER SEQUENCE SYSTEM_LOBS.LOB_ID RESTART WITH 123
COMMIT
DELETE FROM BLOCKS WHERE BLOCK_ADDR=121
INSERT INTO BLOCKS VALUES(121,1,0)
INSERT INTO BLOCKS VALUES(122,2147483525,0)
DELETE FROM BLOCKS WHERE BLOCK_ADDR=121
INSERT INTO LOBS VALUES(121,1,0,122)
COMMIT
/*C12*/INSERT INTO DOMAIN_EVENT_ENTRY VALUES(1,'a09b6165-48ff-4f1d-b001-614ed9f51a34',121,122,NULL,'com.thoughtworks.domain.event.CartInitializedEvent','2017-01-12T11:08:11.418Z','39159392-ac84-4364-95b6-02b74ad25a8e',0,'Cart')
SET SCHEMA SYSTEM_LOBS
DELETE FROM LOB_IDS WHERE LOB_ID=121
INSERT INTO LOB_IDS VALUES(121,12,1,30)
DELETE FROM LOB_IDS WHERE LOB_ID=122
INSERT INTO LOB_IDS VALUES(122,150,1,30)
COMMIT
/*C1*/INSERT INTO LOB_IDS VALUES(123,12,0,30)
ALTER SEQUENCE SYSTEM_LOBS.LOB_ID RESTART WITH 124
COMMIT
DELETE FROM BLOCKS WHERE BLOCK_ADDR=122
INSERT INTO BLOCKS VALUES(122,1,0)
INSERT INTO BLOCKS VALUES(123,2147483524,0)
DELETE FROM BLOCKS WHERE BLOCK_ADDR=122
INSERT INTO LOBS VALUES(122,1,0,123)
COMMIT
INSERT INTO LOB_IDS VALUES(124,188,0,30)
ALTER SEQUENCE SYSTEM_LOBS.LOB_ID RESTART WITH 125
COMMIT
DELETE FROM BLOCKS WHERE BLOCK_ADDR=123
INSERT INTO BLOCKS VALUES(123,1,0)
INSERT INTO BLOCKS VALUES(124,2147483523,0)
DELETE FROM BLOCKS WHERE BLOCK_ADDR=123
INSERT INTO LOBS VALUES(123,1,0,124)
COMMIT
/*C12*/SET SCHEMA PUBLIC
INSERT INTO DOMAIN_EVENT_ENTRY VALUES(2,'7ba02683-1f9e-477f-9e82-f52c1ab66392',123,124,NULL,'com.thoughtworks.domain.event.ItemAddedEvent','2017-01-12T11:09:44.938Z','39159392-ac84-4364-95b6-02b74ad25a8e',1,'Cart')
SET SCHEMA SYSTEM_LOBS
DELETE FROM LOB_IDS WHERE LOB_ID=123
INSERT INTO LOB_IDS VALUES(123,12,1,30)
DELETE FROM LOB_IDS WHERE LOB_ID=124
INSERT INTO LOB_IDS VALUES(124,188,1,30)
COMMIT
/*C1*/INSERT INTO LOB_IDS VALUES(125,12,0,30)
ALTER SEQUENCE SYSTEM_LOBS.LOB_ID RESTART WITH 126
COMMIT
DELETE FROM BLOCKS WHERE BLOCK_ADDR=124
INSERT INTO BLOCKS VALUES(124,1,0)
INSERT INTO BLOCKS VALUES(125,2147483522,0)
DELETE FROM BLOCKS WHERE BLOCK_ADDR=124
INSERT INTO LOBS VALUES(124,1,0,125)
COMMIT
INSERT INTO LOB_IDS VALUES(126,290,0,30)
ALTER SEQUENCE SYSTEM_LOBS.LOB_ID RESTART WITH 127
COMMIT
DELETE FROM BLOCKS WHERE BLOCK_ADDR=125
INSERT INTO BLOCKS VALUES(125,1,0)
INSERT INTO BLOCKS VALUES(126,2147483521,0)
DELETE FROM BLOCKS WHERE BLOCK_ADDR=125
INSERT INTO LOBS VALUES(125,1,0,126)
COMMIT
/*C12*/SET SCHEMA PUBLIC
INSERT INTO DOMAIN_EVENT_ENTRY VALUES(3,'fbe173a7-44a7-4cf4-a0b7-d7ca535c0685',125,126,NULL,'com.thoughtworks.domain.event.CartCheckoutEvent','2017-01-12T11:10:50.141Z','39159392-ac84-4364-95b6-02b74ad25a8e',2,'Cart')
SET SCHEMA SYSTEM_LOBS
DELETE FROM LOB_IDS WHERE LOB_ID=125
INSERT INTO LOB_IDS VALUES(125,12,1,30)
DELETE FROM LOB_IDS WHERE LOB_ID=126
INSERT INTO LOB_IDS VALUES(126,290,1,30)
COMMIT
SET SCHEMA PUBLIC
DISCONNECT
/*C11*/SET SCHEMA PUBLIC
DISCONNECT
/*C10*/SET SCHEMA PUBLIC
DISCONNECT
/*C9*/SET SCHEMA PUBLIC
DISCONNECT
/*C8*/SET SCHEMA PUBLIC
DISCONNECT
/*C7*/SET SCHEMA PUBLIC
DISCONNECT
/*C6*/SET SCHEMA PUBLIC
DISCONNECT
/*C5*/SET SCHEMA PUBLIC
DISCONNECT
/*C4*/SET SCHEMA PUBLIC
DISCONNECT
/*C3*/SET SCHEMA PUBLIC
DISCONNECT
